2021-03-05 16:20:23,182 [INFO] from play.api.http.EnabledFilters in play-dev-mode-akka.actor.default-dispatcher-13 - Enabled Filters (see <https://www.playframework.com/documentation/latest/Filters>):

    play.filters.csrf.CSRFFilter
    play.filters.headers.SecurityHeadersFilter
    play.filters.hosts.AllowedHostsFilter

2021-03-05 16:20:23,190 [INFO] from play.api.Play in play-dev-mode-akka.actor.default-dispatcher-13 - Application started (Dev) (no global state)
2021-03-05 16:20:23,367 [WARN] from play.api.mvc.DefaultJWTCookieDataCodec in application-akka.actor.default-dispatcher-3 - decode: could not decode JWT: null
java.lang.NullPointerException: null
	at play.api.mvc.JWTCookieDataCodec.$anonfun$decode$7(Cookie.scala:636)
	at scala.collection.MapLike$MappedValues.$anonfun$foreach$3(MapLike.scala:253)
	at scala.collection.TraversableLike$WithFilter.$anonfun$foreach$1(TraversableLike.scala:789)
	at scala.collection.Iterator.foreach(Iterator.scala:929)
	at scala.collection.Iterator.foreach$(Iterator.scala:929)
	at scala.collection.AbstractIterator.foreach(Iterator.scala:1417)
	at scala.collection.IterableLike.foreach(IterableLike.scala:71)
	at scala.collection.IterableLike.foreach$(IterableLike.scala:70)
	at scala.collection.AbstractIterable.foreach(Iterable.scala:54)
	at scala.collection.TraversableLike$WithFilter.foreach(TraversableLike.scala:788)
	at scala.collection.MapLike$MappedValues.foreach(MapLike.scala:253)
	at scala.collection.TraversableOnce.toMap(TraversableOnce.scala:316)
	at scala.collection.TraversableOnce.toMap$(TraversableOnce.scala:314)
	at scala.collection.AbstractTraversable.toMap(Traversable.scala:104)
	at play.api.mvc.JWTCookieDataCodec.decode(Cookie.scala:637)
	at play.api.mvc.JWTCookieDataCodec.decode$(Cookie.scala:624)
	at play.api.mvc.DefaultJWTCookieDataCodec.decode(Cookie.scala:813)
	at play.api.mvc.FallbackCookieDataCodec.decode(Cookie.scala:799)
	at play.api.mvc.FallbackCookieDataCodec.decode$(Cookie.scala:790)
	at play.api.mvc.DefaultSessionCookieBaker.decode(Session.scala:124)
	at play.api.mvc.CookieBaker.decodeFromCookie(Cookie.scala:467)
	at play.api.mvc.CookieBaker.decodeFromCookie$(Cookie.scala:461)
	at play.api.mvc.DefaultSessionCookieBaker.decodeFromCookie(Session.scala:124)
	at play.api.mvc.request.DefaultRequestFactory$$anon$3.create(RequestFactory.scala:122)
	at play.api.mvc.request.DefaultRequestFactory$$anon$3.create(RequestFactory.scala:119)
	at play.api.mvc.request.LazyCell.value(Cell.scala:69)
	at play.api.mvc.RequestHeader.session(RequestHeader.scala:236)
	at play.api.mvc.RequestHeader.session$(RequestHeader.scala:236)
	at play.api.mvc.RequestHeaderImpl.session(RequestHeader.scala:357)
	at play.filters.csrf.CSRFActionHelper.getTokenToValidate(CSRFActions.scala:429)
	at play.filters.csrf.CSRFActionHelper.tagRequestFromHeader(CSRFActions.scala:441)
	at play.filters.csrf.CSRFAction.apply(CSRFActions.scala:61)
	at play.filters.csrf.CSRFAction.apply(CSRFActions.scala:43)
	at play.core.server.AkkaHttpServer.$anonfun$runAction$1(AkkaHttpServer.scala:425)
	at scala.concurrent.Future$.$anonfun$apply$1(Future.scala:653)
	at scala.util.Success.$anonfun$map$1(Try.scala:251)
	at scala.util.Success.map(Try.scala:209)
	at scala.concurrent.Future.$anonfun$map$1(Future.scala:287)
	at scala.concurrent.impl.Promise.liftedTree1$1(Promise.scala:29)
	at scala.concurrent.impl.Promise.$anonfun$transform$1(Promise.scala:29)
	at scala.concurrent.impl.CallbackRunnable.run(Promise.scala:60)
	at akka.dispatch.BatchingExecutor$AbstractBatch.processBatch(BatchingExecutor.scala:55)
	at akka.dispatch.BatchingExecutor$BlockableBatch.$anonfun$run$1(BatchingExecutor.scala:92)
	at scala.runtime.java8.JFunction0$mcV$sp.apply(JFunction0$mcV$sp.java:12)
	at scala.concurrent.BlockContext$.withBlockContext(BlockContext.scala:81)
	at akka.dispatch.BatchingExecutor$BlockableBatch.run(BatchingExecutor.scala:92)
	at akka.dispatch.TaskInvocation.run(AbstractDispatcher.scala:41)
	at akka.dispatch.ForkJoinExecutorConfigurator$AkkaForkJoinTask.exec(ForkJoinExecutorConfigurator.scala:49)
	at akka.dispatch.forkjoin.ForkJoinTask.doExec(ForkJoinTask.java:260)
	at akka.dispatch.forkjoin.ForkJoinPool$WorkQueue.runTask(ForkJoinPool.java:1339)
	at akka.dispatch.forkjoin.ForkJoinPool.runWorker(ForkJoinPool.java:1979)
	at akka.dispatch.forkjoin.ForkJoinWorkerThread.run(ForkJoinWorkerThread.java:107)
2021-03-05 16:20:43,447 [WARN] from play.api.mvc.DefaultJWTCookieDataCodec in application-akka.actor.default-dispatcher-2 - decode: could not decode JWT: null
java.lang.NullPointerException: null
	at play.api.mvc.JWTCookieDataCodec.$anonfun$decode$7(Cookie.scala:636)
	at scala.collection.MapLike$MappedValues.$anonfun$foreach$3(MapLike.scala:253)
	at scala.collection.TraversableLike$WithFilter.$anonfun$foreach$1(TraversableLike.scala:789)
	at scala.collection.Iterator.foreach(Iterator.scala:929)
	at scala.collection.Iterator.foreach$(Iterator.scala:929)
	at scala.collection.AbstractIterator.foreach(Iterator.scala:1417)
	at scala.collection.IterableLike.foreach(IterableLike.scala:71)
	at scala.collection.IterableLike.foreach$(IterableLike.scala:70)
	at scala.collection.AbstractIterable.foreach(Iterable.scala:54)
	at scala.collection.TraversableLike$WithFilter.foreach(TraversableLike.scala:788)
	at scala.collection.MapLike$MappedValues.foreach(MapLike.scala:253)
	at scala.collection.TraversableOnce.toMap(TraversableOnce.scala:316)
	at scala.collection.TraversableOnce.toMap$(TraversableOnce.scala:314)
	at scala.collection.AbstractTraversable.toMap(Traversable.scala:104)
	at play.api.mvc.JWTCookieDataCodec.decode(Cookie.scala:637)
	at play.api.mvc.JWTCookieDataCodec.decode$(Cookie.scala:624)
	at play.api.mvc.DefaultJWTCookieDataCodec.decode(Cookie.scala:813)
	at play.api.mvc.FallbackCookieDataCodec.decode(Cookie.scala:799)
	at play.api.mvc.FallbackCookieDataCodec.decode$(Cookie.scala:790)
	at play.api.mvc.DefaultSessionCookieBaker.decode(Session.scala:124)
	at play.api.mvc.CookieBaker.decodeFromCookie(Cookie.scala:467)
	at play.api.mvc.CookieBaker.decodeFromCookie$(Cookie.scala:461)
	at play.api.mvc.DefaultSessionCookieBaker.decodeFromCookie(Session.scala:124)
	at play.api.mvc.request.DefaultRequestFactory$$anon$3.create(RequestFactory.scala:122)
	at play.api.mvc.request.DefaultRequestFactory$$anon$3.create(RequestFactory.scala:119)
	at play.api.mvc.request.LazyCell.value(Cell.scala:69)
	at play.api.mvc.RequestHeader.session(RequestHeader.scala:236)
	at play.api.mvc.RequestHeader.session$(RequestHeader.scala:236)
	at play.api.mvc.RequestHeaderImpl.session(RequestHeader.scala:357)
	at play.filters.csrf.CSRFActionHelper.getTokenToValidate(CSRFActions.scala:429)
	at play.filters.csrf.CSRFActionHelper.tagRequestFromHeader(CSRFActions.scala:441)
	at play.filters.csrf.CSRFAction.apply(CSRFActions.scala:61)
	at play.filters.csrf.CSRFAction.apply(CSRFActions.scala:43)
	at play.core.server.AkkaHttpServer.$anonfun$runAction$1(AkkaHttpServer.scala:425)
	at scala.concurrent.Future$.$anonfun$apply$1(Future.scala:653)
	at scala.util.Success.$anonfun$map$1(Try.scala:251)
	at scala.util.Success.map(Try.scala:209)
	at scala.concurrent.Future.$anonfun$map$1(Future.scala:287)
	at scala.concurrent.impl.Promise.liftedTree1$1(Promise.scala:29)
	at scala.concurrent.impl.Promise.$anonfun$transform$1(Promise.scala:29)
	at scala.concurrent.impl.CallbackRunnable.run(Promise.scala:60)
	at akka.dispatch.BatchingExecutor$AbstractBatch.processBatch(BatchingExecutor.scala:55)
	at akka.dispatch.BatchingExecutor$BlockableBatch.$anonfun$run$1(BatchingExecutor.scala:92)
	at scala.runtime.java8.JFunction0$mcV$sp.apply(JFunction0$mcV$sp.java:12)
	at scala.concurrent.BlockContext$.withBlockContext(BlockContext.scala:81)
	at akka.dispatch.BatchingExecutor$BlockableBatch.run(BatchingExecutor.scala:92)
	at akka.dispatch.TaskInvocation.run(AbstractDispatcher.scala:41)
	at akka.dispatch.ForkJoinExecutorConfigurator$AkkaForkJoinTask.exec(ForkJoinExecutorConfigurator.scala:49)
	at akka.dispatch.forkjoin.ForkJoinTask.doExec(ForkJoinTask.java:260)
	at akka.dispatch.forkjoin.ForkJoinPool$WorkQueue.runTask(ForkJoinPool.java:1339)
	at akka.dispatch.forkjoin.ForkJoinPool.runWorker(ForkJoinPool.java:1979)
	at akka.dispatch.forkjoin.ForkJoinWorkerThread.run(ForkJoinWorkerThread.java:107)
2021-03-05 16:37:48,223 [INFO] from play.api.http.EnabledFilters in play-dev-mode-akka.actor.default-dispatcher-16 - Enabled Filters (see <https://www.playframework.com/documentation/latest/Filters>):

    play.filters.csrf.CSRFFilter
    play.filters.headers.SecurityHeadersFilter
    play.filters.hosts.AllowedHostsFilter

2021-03-05 16:37:48,225 [INFO] from play.api.Play in play-dev-mode-akka.actor.default-dispatcher-16 - Application started (Dev) (no global state)
2021-03-05 16:37:48,236 [WARN] from play.api.mvc.DefaultJWTCookieDataCodec in application-akka.actor.default-dispatcher-2 - decode: could not decode JWT: null
java.lang.NullPointerException: null
	at play.api.mvc.JWTCookieDataCodec.$anonfun$decode$7(Cookie.scala:636)
	at scala.collection.MapLike$MappedValues.$anonfun$foreach$3(MapLike.scala:253)
	at scala.collection.TraversableLike$WithFilter.$anonfun$foreach$1(TraversableLike.scala:789)
	at scala.collection.Iterator.foreach(Iterator.scala:929)
	at scala.collection.Iterator.foreach$(Iterator.scala:929)
	at scala.collection.AbstractIterator.foreach(Iterator.scala:1417)
	at scala.collection.IterableLike.foreach(IterableLike.scala:71)
	at scala.collection.IterableLike.foreach$(IterableLike.scala:70)
	at scala.collection.AbstractIterable.foreach(Iterable.scala:54)
	at scala.collection.TraversableLike$WithFilter.foreach(TraversableLike.scala:788)
	at scala.collection.MapLike$MappedValues.foreach(MapLike.scala:253)
	at scala.collection.TraversableOnce.toMap(TraversableOnce.scala:316)
	at scala.collection.TraversableOnce.toMap$(TraversableOnce.scala:314)
	at scala.collection.AbstractTraversable.toMap(Traversable.scala:104)
	at play.api.mvc.JWTCookieDataCodec.decode(Cookie.scala:637)
	at play.api.mvc.JWTCookieDataCodec.decode$(Cookie.scala:624)
	at play.api.mvc.DefaultJWTCookieDataCodec.decode(Cookie.scala:813)
	at play.api.mvc.FallbackCookieDataCodec.decode(Cookie.scala:799)
	at play.api.mvc.FallbackCookieDataCodec.decode$(Cookie.scala:790)
	at play.api.mvc.DefaultSessionCookieBaker.decode(Session.scala:124)
	at play.api.mvc.CookieBaker.decodeFromCookie(Cookie.scala:467)
	at play.api.mvc.CookieBaker.decodeFromCookie$(Cookie.scala:461)
	at play.api.mvc.DefaultSessionCookieBaker.decodeFromCookie(Session.scala:124)
	at play.api.mvc.request.DefaultRequestFactory$$anon$3.create(RequestFactory.scala:122)
	at play.api.mvc.request.DefaultRequestFactory$$anon$3.create(RequestFactory.scala:119)
	at play.api.mvc.request.LazyCell.value(Cell.scala:69)
	at play.api.mvc.RequestHeader.session(RequestHeader.scala:236)
	at play.api.mvc.RequestHeader.session$(RequestHeader.scala:236)
	at play.api.mvc.RequestHeaderImpl.session(RequestHeader.scala:357)
	at play.filters.csrf.CSRFActionHelper.getTokenToValidate(CSRFActions.scala:429)
	at play.filters.csrf.CSRFActionHelper.tagRequestFromHeader(CSRFActions.scala:441)
	at play.filters.csrf.CSRFAction.apply(CSRFActions.scala:61)
	at play.filters.csrf.CSRFAction.apply(CSRFActions.scala:43)
	at play.core.server.AkkaHttpServer.$anonfun$runAction$1(AkkaHttpServer.scala:425)
	at scala.concurrent.Future$.$anonfun$apply$1(Future.scala:653)
	at scala.util.Success.$anonfun$map$1(Try.scala:251)
	at scala.util.Success.map(Try.scala:209)
	at scala.concurrent.Future.$anonfun$map$1(Future.scala:287)
	at scala.concurrent.impl.Promise.liftedTree1$1(Promise.scala:29)
	at scala.concurrent.impl.Promise.$anonfun$transform$1(Promise.scala:29)
	at scala.concurrent.impl.CallbackRunnable.run(Promise.scala:60)
	at akka.dispatch.BatchingExecutor$AbstractBatch.processBatch(BatchingExecutor.scala:55)
	at akka.dispatch.BatchingExecutor$BlockableBatch.$anonfun$run$1(BatchingExecutor.scala:92)
	at scala.runtime.java8.JFunction0$mcV$sp.apply(JFunction0$mcV$sp.java:12)
	at scala.concurrent.BlockContext$.withBlockContext(BlockContext.scala:81)
	at akka.dispatch.BatchingExecutor$BlockableBatch.run(BatchingExecutor.scala:92)
	at akka.dispatch.TaskInvocation.run(AbstractDispatcher.scala:41)
	at akka.dispatch.ForkJoinExecutorConfigurator$AkkaForkJoinTask.exec(ForkJoinExecutorConfigurator.scala:49)
	at akka.dispatch.forkjoin.ForkJoinTask.doExec(ForkJoinTask.java:260)
	at akka.dispatch.forkjoin.ForkJoinPool$WorkQueue.runTask(ForkJoinPool.java:1339)
	at akka.dispatch.forkjoin.ForkJoinPool.runWorker(ForkJoinPool.java:1979)
	at akka.dispatch.forkjoin.ForkJoinWorkerThread.run(ForkJoinWorkerThread.java:107)
2021-03-05 16:40:04,332 [INFO] from play.api.http.EnabledFilters in play-dev-mode-akka.actor.default-dispatcher-23 - Enabled Filters (see <https://www.playframework.com/documentation/latest/Filters>):

    play.filters.csrf.CSRFFilter
    play.filters.headers.SecurityHeadersFilter
    play.filters.hosts.AllowedHostsFilter

2021-03-05 16:40:04,336 [INFO] from play.api.Play in play-dev-mode-akka.actor.default-dispatcher-23 - Application started (Dev) (no global state)
2021-03-05 16:40:04,353 [WARN] from play.api.mvc.DefaultJWTCookieDataCodec in application-akka.actor.default-dispatcher-3 - decode: could not decode JWT: null
java.lang.NullPointerException: null
	at play.api.mvc.JWTCookieDataCodec.$anonfun$decode$7(Cookie.scala:636)
	at scala.collection.MapLike$MappedValues.$anonfun$foreach$3(MapLike.scala:253)
	at scala.collection.TraversableLike$WithFilter.$anonfun$foreach$1(TraversableLike.scala:789)
	at scala.collection.Iterator.foreach(Iterator.scala:929)
	at scala.collection.Iterator.foreach$(Iterator.scala:929)
	at scala.collection.AbstractIterator.foreach(Iterator.scala:1417)
	at scala.collection.IterableLike.foreach(IterableLike.scala:71)
	at scala.collection.IterableLike.foreach$(IterableLike.scala:70)
	at scala.collection.AbstractIterable.foreach(Iterable.scala:54)
	at scala.collection.TraversableLike$WithFilter.foreach(TraversableLike.scala:788)
	at scala.collection.MapLike$MappedValues.foreach(MapLike.scala:253)
	at scala.collection.TraversableOnce.toMap(TraversableOnce.scala:316)
	at scala.collection.TraversableOnce.toMap$(TraversableOnce.scala:314)
	at scala.collection.AbstractTraversable.toMap(Traversable.scala:104)
	at play.api.mvc.JWTCookieDataCodec.decode(Cookie.scala:637)
	at play.api.mvc.JWTCookieDataCodec.decode$(Cookie.scala:624)
	at play.api.mvc.DefaultJWTCookieDataCodec.decode(Cookie.scala:813)
	at play.api.mvc.FallbackCookieDataCodec.decode(Cookie.scala:799)
	at play.api.mvc.FallbackCookieDataCodec.decode$(Cookie.scala:790)
	at play.api.mvc.DefaultSessionCookieBaker.decode(Session.scala:124)
	at play.api.mvc.CookieBaker.decodeFromCookie(Cookie.scala:467)
	at play.api.mvc.CookieBaker.decodeFromCookie$(Cookie.scala:461)
	at play.api.mvc.DefaultSessionCookieBaker.decodeFromCookie(Session.scala:124)
	at play.api.mvc.request.DefaultRequestFactory$$anon$3.create(RequestFactory.scala:122)
	at play.api.mvc.request.DefaultRequestFactory$$anon$3.create(RequestFactory.scala:119)
	at play.api.mvc.request.LazyCell.value(Cell.scala:69)
	at play.api.mvc.RequestHeader.session(RequestHeader.scala:236)
	at play.api.mvc.RequestHeader.session$(RequestHeader.scala:236)
	at play.api.mvc.RequestHeaderImpl.session(RequestHeader.scala:357)
	at play.filters.csrf.CSRFActionHelper.getTokenToValidate(CSRFActions.scala:429)
	at play.filters.csrf.CSRFActionHelper.tagRequestFromHeader(CSRFActions.scala:441)
	at play.filters.csrf.CSRFAction.apply(CSRFActions.scala:61)
	at play.filters.csrf.CSRFAction.apply(CSRFActions.scala:43)
	at play.core.server.AkkaHttpServer.$anonfun$runAction$1(AkkaHttpServer.scala:425)
	at scala.concurrent.Future$.$anonfun$apply$1(Future.scala:653)
	at scala.util.Success.$anonfun$map$1(Try.scala:251)
	at scala.util.Success.map(Try.scala:209)
	at scala.concurrent.Future.$anonfun$map$1(Future.scala:287)
	at scala.concurrent.impl.Promise.liftedTree1$1(Promise.scala:29)
	at scala.concurrent.impl.Promise.$anonfun$transform$1(Promise.scala:29)
	at scala.concurrent.impl.CallbackRunnable.run(Promise.scala:60)
	at akka.dispatch.BatchingExecutor$AbstractBatch.processBatch(BatchingExecutor.scala:55)
	at akka.dispatch.BatchingExecutor$BlockableBatch.$anonfun$run$1(BatchingExecutor.scala:92)
	at scala.runtime.java8.JFunction0$mcV$sp.apply(JFunction0$mcV$sp.java:12)
	at scala.concurrent.BlockContext$.withBlockContext(BlockContext.scala:81)
	at akka.dispatch.BatchingExecutor$BlockableBatch.run(BatchingExecutor.scala:92)
	at akka.dispatch.TaskInvocation.run(AbstractDispatcher.scala:41)
	at akka.dispatch.ForkJoinExecutorConfigurator$AkkaForkJoinTask.exec(ForkJoinExecutorConfigurator.scala:49)
	at akka.dispatch.forkjoin.ForkJoinTask.doExec(ForkJoinTask.java:260)
	at akka.dispatch.forkjoin.ForkJoinPool$WorkQueue.runTask(ForkJoinPool.java:1339)
	at akka.dispatch.forkjoin.ForkJoinPool.runWorker(ForkJoinPool.java:1979)
	at akka.dispatch.forkjoin.ForkJoinWorkerThread.run(ForkJoinWorkerThread.java:107)
2021-03-05 16:41:01,506 [ERROR] from application in play-dev-mode-akka.actor.default-dispatcher-17 - 

! @7j1nhekci - Internal server error, for (GET) [/conferenceMap] ->
 
play.sbt.PlayExceptions$CompilationException: Compilation error[not found: value onferenceList]
	at play.sbt.PlayExceptions$CompilationException$.apply(PlayExceptions.scala:33)
	at play.sbt.PlayExceptions$CompilationException$.apply(PlayExceptions.scala:33)
	at scala.Option.map(Option.scala:145)
	at play.sbt.run.PlayReload$$anonfun$taskFailureHandler$1.apply(PlayReload.scala:40)
	at play.sbt.run.PlayReload$$anonfun$taskFailureHandler$1.apply(PlayReload.scala:35)
	at scala.Option.map(Option.scala:145)
	at play.sbt.run.PlayReload$.taskFailureHandler(PlayReload.scala:35)
	at play.sbt.run.PlayReload$.compileFailure(PlayReload.scala:28)
	at play.sbt.run.PlayReload$$anonfun$compile$1.apply(PlayReload.scala:63)
	at play.sbt.run.PlayReload$$anonfun$compile$1.apply(PlayReload.scala:63)
	at scala.util.Either$LeftProjection.map(Either.scala:377)
	at play.sbt.run.PlayReload$.compile(PlayReload.scala:63)
	at play.sbt.run.PlayRun$$anonfun$playRunTask$1$$anonfun$apply$2$$anonfun$apply$3$$anonfun$3.apply(PlayRun.scala:77)
	at play.sbt.run.PlayRun$$anonfun$playRunTask$1$$anonfun$apply$2$$anonfun$apply$3$$anonfun$3.apply(PlayRun.scala:76)
	at play.runsupport.Reloader$$anonfun$reload$1.apply(Reloader.scala:501)
	at play.runsupport.Reloader$$anon$5.run(Reloader.scala:58)
	at java.security.AccessController.doPrivileged(Native Method)
	at play.runsupport.Reloader$.play$runsupport$Reloader$$withReloaderContextClassLoader(Reloader.scala:53)
	at play.runsupport.Reloader.reload(Reloader.scala:499)
	at play.core.server.DevServerStart$$anon$1.get(DevServerStart.scala:143)
	at play.core.server.AkkaHttpServer.handleRequest(AkkaHttpServer.scala:304)
	at play.core.server.AkkaHttpServer.$anonfun$createServerBinding$1(AkkaHttpServer.scala:189)
	at akka.stream.impl.fusing.MapAsync$$anon$30.onPush(Ops.scala:1261)
	at akka.stream.impl.fusing.GraphInterpreter.processPush(GraphInterpreter.scala:523)
	at akka.stream.impl.fusing.GraphInterpreter.execute(GraphInterpreter.scala:409)
	at akka.stream.impl.fusing.GraphInterpreterShell.runBatch(ActorGraphInterpreter.scala:606)
	at akka.stream.impl.fusing.GraphInterpreterShell$AsyncInput.execute(ActorGraphInterpreter.scala:485)
	at akka.stream.impl.fusing.GraphInterpreterShell.processEvent(ActorGraphInterpreter.scala:581)
	at akka.stream.impl.fusing.ActorGraphInterpreter.akka$stream$impl$fusing$ActorGraphInterpreter$$processEvent(ActorGraphInterpreter.scala:749)
	at akka.stream.impl.fusing.ActorGraphInterpreter$$anonfun$receive$1.applyOrElse(ActorGraphInterpreter.scala:764)
	at akka.actor.Actor.aroundReceive(Actor.scala:539)
	at akka.actor.Actor.aroundReceive$(Actor.scala:537)
	at akka.stream.impl.fusing.ActorGraphInterpreter.aroundReceive(ActorGraphInterpreter.scala:671)
	at akka.actor.ActorCell.receiveMessage(ActorCell.scala:612)
	at akka.actor.ActorCell.invoke(ActorCell.scala:581)
	at akka.dispatch.Mailbox.processMailbox(Mailbox.scala:268)
	at akka.dispatch.Mailbox.run(Mailbox.scala:229)
	at akka.dispatch.Mailbox.exec(Mailbox.scala:241)
	at akka.dispatch.forkjoin.ForkJoinTask.doExec(ForkJoinTask.java:260)
	at akka.dispatch.forkjoin.ForkJoinPool$WorkQueue.runTask(ForkJoinPool.java:1339)
	at akka.dispatch.forkjoin.ForkJoinPool.runWorker(ForkJoinPool.java:1979)
	at akka.dispatch.forkjoin.ForkJoinWorkerThread.run(ForkJoinWorkerThread.java:107)
2021-03-05 16:41:13,457 [INFO] from play.api.http.EnabledFilters in play-dev-mode-akka.actor.default-dispatcher-22 - Enabled Filters (see <https://www.playframework.com/documentation/latest/Filters>):

    play.filters.csrf.CSRFFilter
    play.filters.headers.SecurityHeadersFilter
    play.filters.hosts.AllowedHostsFilter

2021-03-05 16:41:13,460 [INFO] from play.api.Play in play-dev-mode-akka.actor.default-dispatcher-22 - Application started (Dev) (no global state)
2021-03-05 16:41:13,475 [WARN] from play.api.mvc.DefaultJWTCookieDataCodec in application-akka.actor.default-dispatcher-2 - decode: could not decode JWT: null
java.lang.NullPointerException: null
	at play.api.mvc.JWTCookieDataCodec.$anonfun$decode$7(Cookie.scala:636)
	at scala.collection.MapLike$MappedValues.$anonfun$foreach$3(MapLike.scala:253)
	at scala.collection.TraversableLike$WithFilter.$anonfun$foreach$1(TraversableLike.scala:789)
	at scala.collection.Iterator.foreach(Iterator.scala:929)
	at scala.collection.Iterator.foreach$(Iterator.scala:929)
	at scala.collection.AbstractIterator.foreach(Iterator.scala:1417)
	at scala.collection.IterableLike.foreach(IterableLike.scala:71)
	at scala.collection.IterableLike.foreach$(IterableLike.scala:70)
	at scala.collection.AbstractIterable.foreach(Iterable.scala:54)
	at scala.collection.TraversableLike$WithFilter.foreach(TraversableLike.scala:788)
	at scala.collection.MapLike$MappedValues.foreach(MapLike.scala:253)
	at scala.collection.TraversableOnce.toMap(TraversableOnce.scala:316)
	at scala.collection.TraversableOnce.toMap$(TraversableOnce.scala:314)
	at scala.collection.AbstractTraversable.toMap(Traversable.scala:104)
	at play.api.mvc.JWTCookieDataCodec.decode(Cookie.scala:637)
	at play.api.mvc.JWTCookieDataCodec.decode$(Cookie.scala:624)
	at play.api.mvc.DefaultJWTCookieDataCodec.decode(Cookie.scala:813)
	at play.api.mvc.FallbackCookieDataCodec.decode(Cookie.scala:799)
	at play.api.mvc.FallbackCookieDataCodec.decode$(Cookie.scala:790)
	at play.api.mvc.DefaultSessionCookieBaker.decode(Session.scala:124)
	at play.api.mvc.CookieBaker.decodeFromCookie(Cookie.scala:467)
	at play.api.mvc.CookieBaker.decodeFromCookie$(Cookie.scala:461)
	at play.api.mvc.DefaultSessionCookieBaker.decodeFromCookie(Session.scala:124)
	at play.api.mvc.request.DefaultRequestFactory$$anon$3.create(RequestFactory.scala:122)
	at play.api.mvc.request.DefaultRequestFactory$$anon$3.create(RequestFactory.scala:119)
	at play.api.mvc.request.LazyCell.value(Cell.scala:69)
	at play.api.mvc.RequestHeader.session(RequestHeader.scala:236)
	at play.api.mvc.RequestHeader.session$(RequestHeader.scala:236)
	at play.api.mvc.RequestHeaderImpl.session(RequestHeader.scala:357)
	at play.filters.csrf.CSRFActionHelper.getTokenToValidate(CSRFActions.scala:429)
	at play.filters.csrf.CSRFActionHelper.tagRequestFromHeader(CSRFActions.scala:441)
	at play.filters.csrf.CSRFAction.apply(CSRFActions.scala:61)
	at play.filters.csrf.CSRFAction.apply(CSRFActions.scala:43)
	at play.core.server.AkkaHttpServer.$anonfun$runAction$1(AkkaHttpServer.scala:425)
	at scala.concurrent.Future$.$anonfun$apply$1(Future.scala:653)
	at scala.util.Success.$anonfun$map$1(Try.scala:251)
	at scala.util.Success.map(Try.scala:209)
	at scala.concurrent.Future.$anonfun$map$1(Future.scala:287)
	at scala.concurrent.impl.Promise.liftedTree1$1(Promise.scala:29)
	at scala.concurrent.impl.Promise.$anonfun$transform$1(Promise.scala:29)
	at scala.concurrent.impl.CallbackRunnable.run(Promise.scala:60)
	at akka.dispatch.BatchingExecutor$AbstractBatch.processBatch(BatchingExecutor.scala:55)
	at akka.dispatch.BatchingExecutor$BlockableBatch.$anonfun$run$1(BatchingExecutor.scala:92)
	at scala.runtime.java8.JFunction0$mcV$sp.apply(JFunction0$mcV$sp.java:12)
	at scala.concurrent.BlockContext$.withBlockContext(BlockContext.scala:81)
	at akka.dispatch.BatchingExecutor$BlockableBatch.run(BatchingExecutor.scala:92)
	at akka.dispatch.TaskInvocation.run(AbstractDispatcher.scala:41)
	at akka.dispatch.ForkJoinExecutorConfigurator$AkkaForkJoinTask.exec(ForkJoinExecutorConfigurator.scala:49)
	at akka.dispatch.forkjoin.ForkJoinTask.doExec(ForkJoinTask.java:260)
	at akka.dispatch.forkjoin.ForkJoinPool$WorkQueue.runTask(ForkJoinPool.java:1339)
	at akka.dispatch.forkjoin.ForkJoinPool.runWorker(ForkJoinPool.java:1979)
	at akka.dispatch.forkjoin.ForkJoinWorkerThread.run(ForkJoinWorkerThread.java:107)
2021-03-05 16:41:44,825 [INFO] from play.api.http.EnabledFilters in play-dev-mode-akka.actor.default-dispatcher-26 - Enabled Filters (see <https://www.playframework.com/documentation/latest/Filters>):

    play.filters.csrf.CSRFFilter
    play.filters.headers.SecurityHeadersFilter
    play.filters.hosts.AllowedHostsFilter

2021-03-05 16:41:44,828 [INFO] from play.api.Play in play-dev-mode-akka.actor.default-dispatcher-26 - Application started (Dev) (no global state)
2021-03-05 16:41:44,846 [WARN] from play.api.mvc.DefaultJWTCookieDataCodec in application-akka.actor.default-dispatcher-2 - decode: could not decode JWT: null
java.lang.NullPointerException: null
	at play.api.mvc.JWTCookieDataCodec.$anonfun$decode$7(Cookie.scala:636)
	at scala.collection.MapLike$MappedValues.$anonfun$foreach$3(MapLike.scala:253)
	at scala.collection.TraversableLike$WithFilter.$anonfun$foreach$1(TraversableLike.scala:789)
	at scala.collection.Iterator.foreach(Iterator.scala:929)
	at scala.collection.Iterator.foreach$(Iterator.scala:929)
	at scala.collection.AbstractIterator.foreach(Iterator.scala:1417)
	at scala.collection.IterableLike.foreach(IterableLike.scala:71)
	at scala.collection.IterableLike.foreach$(IterableLike.scala:70)
	at scala.collection.AbstractIterable.foreach(Iterable.scala:54)
	at scala.collection.TraversableLike$WithFilter.foreach(TraversableLike.scala:788)
	at scala.collection.MapLike$MappedValues.foreach(MapLike.scala:253)
	at scala.collection.TraversableOnce.toMap(TraversableOnce.scala:316)
	at scala.collection.TraversableOnce.toMap$(TraversableOnce.scala:314)
	at scala.collection.AbstractTraversable.toMap(Traversable.scala:104)
	at play.api.mvc.JWTCookieDataCodec.decode(Cookie.scala:637)
	at play.api.mvc.JWTCookieDataCodec.decode$(Cookie.scala:624)
	at play.api.mvc.DefaultJWTCookieDataCodec.decode(Cookie.scala:813)
	at play.api.mvc.FallbackCookieDataCodec.decode(Cookie.scala:799)
	at play.api.mvc.FallbackCookieDataCodec.decode$(Cookie.scala:790)
	at play.api.mvc.DefaultSessionCookieBaker.decode(Session.scala:124)
	at play.api.mvc.CookieBaker.decodeFromCookie(Cookie.scala:467)
	at play.api.mvc.CookieBaker.decodeFromCookie$(Cookie.scala:461)
	at play.api.mvc.DefaultSessionCookieBaker.decodeFromCookie(Session.scala:124)
	at play.api.mvc.request.DefaultRequestFactory$$anon$3.create(RequestFactory.scala:122)
	at play.api.mvc.request.DefaultRequestFactory$$anon$3.create(RequestFactory.scala:119)
	at play.api.mvc.request.LazyCell.value(Cell.scala:69)
	at play.api.mvc.RequestHeader.session(RequestHeader.scala:236)
	at play.api.mvc.RequestHeader.session$(RequestHeader.scala:236)
	at play.api.mvc.RequestHeaderImpl.session(RequestHeader.scala:357)
	at play.filters.csrf.CSRFActionHelper.getTokenToValidate(CSRFActions.scala:429)
	at play.filters.csrf.CSRFActionHelper.tagRequestFromHeader(CSRFActions.scala:441)
	at play.filters.csrf.CSRFAction.apply(CSRFActions.scala:61)
	at play.filters.csrf.CSRFAction.apply(CSRFActions.scala:43)
	at play.core.server.AkkaHttpServer.$anonfun$runAction$1(AkkaHttpServer.scala:425)
	at scala.concurrent.Future$.$anonfun$apply$1(Future.scala:653)
	at scala.util.Success.$anonfun$map$1(Try.scala:251)
	at scala.util.Success.map(Try.scala:209)
	at scala.concurrent.Future.$anonfun$map$1(Future.scala:287)
	at scala.concurrent.impl.Promise.liftedTree1$1(Promise.scala:29)
	at scala.concurrent.impl.Promise.$anonfun$transform$1(Promise.scala:29)
	at scala.concurrent.impl.CallbackRunnable.run(Promise.scala:60)
	at akka.dispatch.BatchingExecutor$AbstractBatch.processBatch(BatchingExecutor.scala:55)
	at akka.dispatch.BatchingExecutor$BlockableBatch.$anonfun$run$1(BatchingExecutor.scala:92)
	at scala.runtime.java8.JFunction0$mcV$sp.apply(JFunction0$mcV$sp.java:12)
	at scala.concurrent.BlockContext$.withBlockContext(BlockContext.scala:81)
	at akka.dispatch.BatchingExecutor$BlockableBatch.run(BatchingExecutor.scala:92)
	at akka.dispatch.TaskInvocation.run(AbstractDispatcher.scala:41)
	at akka.dispatch.ForkJoinExecutorConfigurator$AkkaForkJoinTask.exec(ForkJoinExecutorConfigurator.scala:49)
	at akka.dispatch.forkjoin.ForkJoinTask.doExec(ForkJoinTask.java:260)
	at akka.dispatch.forkjoin.ForkJoinPool$WorkQueue.runTask(ForkJoinPool.java:1339)
	at akka.dispatch.forkjoin.ForkJoinPool.runWorker(ForkJoinPool.java:1979)
	at akka.dispatch.forkjoin.ForkJoinWorkerThread.run(ForkJoinWorkerThread.java:107)
